


ARM Macro Assembler    Page 1 


    1 00000000         ; Print.s
    2 00000000         ; Student names: change this to your names or look very 
                       silly
    3 00000000         ; Last modification date: change this to the last modifi
                       cation date or look very silly
    4 00000000         ; Runs on LM4F120 or TM4C123
    5 00000000         ; EE319K lab 7 device driver for any LCD
    6 00000000         ;
    7 00000000         ; As part of Lab 7, students need to implement these LCD
                       _OutDec and LCD_OutFix
    8 00000000         ; This driver assumes two low-level LCD functions
    9 00000000         ; ST7735_OutChar   outputs a single 8-bit ASCII characte
                       r
   10 00000000         ; ST7735_OutString outputs a null-terminated string 
   11 00000000         
   12 00000000         
   13 00000000                 IMPORT           ST7735_OutChar
   14 00000000                 IMPORT           ST7735_OutString
   15 00000000                 EXPORT           LCD_OutDec
   16 00000000                 EXPORT           LCD_OutFix
   17 00000000         
   18 00000000                 AREA             |.text|, CODE, READONLY, ALIGN=
2
   19 00000000                 PRESERVE8
   20 00000000                 THUMB
   21 00000000         
   22 00000000         ;-----------------------LCD_OutDec----------------------
                       -
   23 00000000         ; Output a 32-bit number in unsigned decimal format
   24 00000000         ; Input: R0 (call by value) 32-bit unsigned number
   25 00000000         ; Output: none
   26 00000000         ; Invariables: This function must not permanently modify
                        registers R4 to R11
   27 00000000         LCD_OutDec
   28 00000000 B501            PUSH             {LR, R0}
   29 00000002         ; ******Allocation Phase******* 
   30 00000002 B081            SUB              SP, #4      ; Allocate num
   31 00000004         ; *****Access Phase*******
   32 00000004 280A            CMP              R0, #10
   33 00000006 D30F            BLO              baseOutDec
   34 00000008 F04F 030A       MOV              R3, #0xA
   35 0000000C FBB0 F2F3       UDIV             R2, R0, R3
   36 00000010 FB02 0113       MLS              R1, R2, R3, R0
   37 00000014 4610            MOV              R0, R2
   38 00000016 9100            STR              R1, [SP, #0]
   39 00000018 F7FF FFFE       BL               LCD_OutDec
   40 0000001C 9800            LDR              R0, [SP, #0]
   41 0000001E F100 0030       ADD              R0, #0x30
   42 00000022 F7FF FFFE       BL               ST7735_OutChar
   43 00000026 E003            B                returnOutDec
   44 00000028         baseOutDec
   45 00000028 F100 0030       ADD              R0, #0x30
   46 0000002C F7FF FFFE       BL               ST7735_OutChar
   47 00000030         returnOutDec
   48 00000030         ;****Deallocation Phase***** 
   49 00000030 B001            ADD              SP, #4
   50 00000032         
   51 00000032 E8BD 4001       POP              {LR, R0}
   52 00000036         



ARM Macro Assembler    Page 2 


   53 00000036 4770            BX               LR
   54 00000038         ;* * * * * * * * End of LCD_OutDec * * * * * * * *
   55 00000038         
   56 00000038         ; -----------------------LCD _OutFix--------------------
                       --
   57 00000038         ; Output characters to LCD display in fixed-point format
                       
   58 00000038         ; unsigned decimal, resolution 0.001, range 0.000 to 9.9
                       99
   59 00000038         ; Inputs:  R0 is an unsigned 32-bit number
   60 00000038         ; Outputs: none
   61 00000038         ; E.g., R0=0,    then output "0.000 "
   62 00000038         ;       R0=3,    then output "0.003 "
   63 00000038         ;       R0=89,   then output "0.089 "
   64 00000038         ;       R0=123,  then output "0.123 "
   65 00000038         ;       R0=9999, then output "9.999 "
   66 00000038         ;       R0>9999, then output "*.*** "
   67 00000038         ; Invariables: This function must not permanently modify
                        registers R4 to R11
   68 00000038         LCD_OutFix
   69 00000038 F04F 0100       MOV              R1, #0
   70 0000003C         LCD_OutFix_redo
   71 0000003C B513            PUSH             {LR, R4, R1, R0}
   72 0000003E         
   73 0000003E         ; ******Allocation Phase******* 
   74 0000003E B081            SUB              SP, #4      ; Allocate num
   75 00000040         ; *****Access Phase*******
   76 00000040 F242 7410       MOV              R4, #10000
   77 00000044 42A0            CMP              R0, R4
   78 00000046 D21B            BHS              astericks
   79 00000048 2904            CMP              R1, #4
   80 0000004A D02D            BEQ              returnOutFix
   81 0000004C F04F 030A       MOV              R3, #0xa
   82 00000050 FBB0 F2F3       UDIV             R2, R0, R3
   83 00000054 FB02 0413       MLS              R4, R2, R3, R0
   84 00000058 4610            MOV              R0, R2
   85 0000005A 9400            STR              R4, [SP, #0]
   86 0000005C 9101            STR              R1, [SP, #4]
   87 0000005E F101 0101       ADD              R1, #1
   88 00000062 F7FF FFEB       BL               LCD_OutFix_redo
   89 00000066 9800            LDR              R0, [SP, #0]
   90 00000068 F100 0030       ADD              R0, #0x30
   91 0000006C F7FF FFFE       BL               ST7735_OutChar
   92 00000070 9901            LDR              R1, [SP, #4]
   93 00000072 2903            CMP              R1, #3
   94 00000074 D118            BNE              returnOutFix
   95 00000076 F04F 002E       MOV              R0, #0x2E
   96 0000007A F7FF FFFE       BL               ST7735_OutChar
   97 0000007E E013            B                returnOutFix
   98 00000080         astericks
   99 00000080 F04F 002A       MOV              R0, #0x2A
  100 00000084 F7FF FFFE       BL               ST7735_OutChar
  101 00000088 F04F 002E       MOV              R0, #0x2E
  102 0000008C F7FF FFFE       BL               ST7735_OutChar
  103 00000090 F04F 002A       MOV              R0, #0x2A
  104 00000094 F7FF FFFE       BL               ST7735_OutChar
  105 00000098 F04F 002A       MOV              R0, #0x2A
  106 0000009C F7FF FFFE       BL               ST7735_OutChar
  107 000000A0 F04F 002A       MOV              R0, #0x2A



ARM Macro Assembler    Page 3 


  108 000000A4 F7FF FFFE       BL               ST7735_OutChar
  109 000000A8         returnOutFix
  110 000000A8         
  111 000000A8         ;****Deallocation Phase***** 
  112 000000A8 B001            ADD              SP, #4
  113 000000AA         
  114 000000AA         
  115 000000AA E8BD 4013       POP              {LR, R4, R1, R0}
  116 000000AE         
  117 000000AE 4770            BX               LR
  118 000000B0         
  119 000000B0                 ALIGN
  120 000000B0         
  121 000000B0         ;* * * * * * * * End of LCD_OutFix * * * * * * * *
  122 000000B0         
  123 000000B0                 ALIGN                        ; make sure the end
                                                             of this section is
                                                             aligned
  124 000000B0                 END                          ; end of file
Command Line: --debug --xref --cpu=Cortex-M4.fp --apcs=interwork --depend=.\pri
nt.d -o.\print.o -IC:\Keil\ARM\RV31\INC -IC:\Keil\ARM\CMSIS\Include -IC:\Keil\A
RM\Inc\TI\TM4C123 --predefine="__EVAL SETA 1" --list=.\print.lst Print.s



ARM Macro Assembler    Page 1 Alphabetic symbol ordering
Relocatable symbols

.text 00000000

Symbol: .text
   Definitions
      At line 18 in file Print.s
   Uses
      None
Comment: .text unused
LCD_OutDec 00000000

Symbol: LCD_OutDec
   Definitions
      At line 27 in file Print.s
   Uses
      At line 15 in file Print.s
      At line 39 in file Print.s

LCD_OutFix 00000038

Symbol: LCD_OutFix
   Definitions
      At line 68 in file Print.s
   Uses
      At line 16 in file Print.s
Comment: LCD_OutFix used once
LCD_OutFix_redo 0000003C

Symbol: LCD_OutFix_redo
   Definitions
      At line 70 in file Print.s
   Uses
      At line 88 in file Print.s
Comment: LCD_OutFix_redo used once
astericks 00000080

Symbol: astericks
   Definitions
      At line 98 in file Print.s
   Uses
      At line 78 in file Print.s
Comment: astericks used once
baseOutDec 00000028

Symbol: baseOutDec
   Definitions
      At line 44 in file Print.s
   Uses
      At line 33 in file Print.s
Comment: baseOutDec used once
returnOutDec 00000030

Symbol: returnOutDec
   Definitions
      At line 47 in file Print.s
   Uses
      At line 43 in file Print.s
Comment: returnOutDec used once
returnOutFix 000000A8




ARM Macro Assembler    Page 2 Alphabetic symbol ordering
Relocatable symbols

Symbol: returnOutFix
   Definitions
      At line 109 in file Print.s
   Uses
      At line 80 in file Print.s
      At line 94 in file Print.s
      At line 97 in file Print.s

8 symbols



ARM Macro Assembler    Page 1 Alphabetic symbol ordering
External symbols

ST7735_OutChar 00000000

Symbol: ST7735_OutChar
   Definitions
      At line 13 in file Print.s
   Uses
      At line 42 in file Print.s
      At line 46 in file Print.s
      At line 91 in file Print.s
      At line 96 in file Print.s
      At line 100 in file Print.s
      At line 102 in file Print.s
      At line 104 in file Print.s
      At line 106 in file Print.s
      At line 108 in file Print.s

ST7735_OutString 00000000

Symbol: ST7735_OutString
   Definitions
      At line 14 in file Print.s
   Uses
      None
Comment: ST7735_OutString unused
2 symbols
342 symbols in table
